0 info it worked if it ends with ok
1 verbose cli [ '/Users/jinglin/.nvm/versions/node/v5.0.0/bin/node',
1 verbose cli   '/Users/jinglin/.nvm/versions/node/v5.0.0/bin/npm',
1 verbose cli   'start' ]
2 info using npm@3.10.7
3 info using node@v5.0.0
4 verbose run-script [ 'prestart', 'start', 'poststart' ]
5 info lifecycle vgaze@1.0.0~prestart: vgaze@1.0.0
6 silly lifecycle vgaze@1.0.0~prestart: no script for prestart, continuing
7 info lifecycle vgaze@1.0.0~start: vgaze@1.0.0
8 verbose lifecycle vgaze@1.0.0~start: unsafe-perm in lifecycle true
9 verbose lifecycle vgaze@1.0.0~start: PATH: /Users/jinglin/.nvm/versions/node/v5.0.0/lib/node_modules/npm/bin/node-gyp-bin:/Users/jinglin/Desktop/Container/Junior Year/SuperUROP/VGaze/node_modules/.bin:/Users/jinglin/torch/install/bin:/opt/local/bin:/opt/local/sbin:/Users/jinglin/.nvm/versions/node/v5.0.0/bin:/usr/local/bin:/usr/bin:/bin:/usr/sbin:/sbin:/Library/TeX/texbin:/Users/jinglin/torch/install/bin:/opt/local/bin:/opt/local/sbin
10 verbose lifecycle vgaze@1.0.0~start: CWD: /Users/jinglin/Desktop/Container/Junior Year/SuperUROP/VGaze
11 silly lifecycle vgaze@1.0.0~start: Args: [ '-c', 'webpack-dev-server --watch-poll' ]
12 silly lifecycle vgaze@1.0.0~start: Returned: code: 1  signal: null
13 info lifecycle vgaze@1.0.0~start: Failed to exec start script
14 verbose stack Error: vgaze@1.0.0 start: `webpack-dev-server --watch-poll`
14 verbose stack Exit status 1
14 verbose stack     at EventEmitter.<anonymous> (/Users/jinglin/.nvm/versions/node/v5.0.0/lib/node_modules/npm/lib/utils/lifecycle.js:255:16)
14 verbose stack     at emitTwo (events.js:87:13)
14 verbose stack     at EventEmitter.emit (events.js:172:7)
14 verbose stack     at ChildProcess.<anonymous> (/Users/jinglin/.nvm/versions/node/v5.0.0/lib/node_modules/npm/lib/utils/spawn.js:40:14)
14 verbose stack     at emitTwo (events.js:87:13)
14 verbose stack     at ChildProcess.emit (events.js:172:7)
14 verbose stack     at maybeClose (internal/child_process.js:818:16)
14 verbose stack     at Process.ChildProcess._handle.onexit (internal/child_process.js:211:5)
15 verbose pkgid vgaze@1.0.0
16 verbose cwd /Users/jinglin/Desktop/Container/Junior Year/SuperUROP/VGaze
17 error Darwin 15.5.0
18 error argv "/Users/jinglin/.nvm/versions/node/v5.0.0/bin/node" "/Users/jinglin/.nvm/versions/node/v5.0.0/bin/npm" "start"
19 error node v5.0.0
20 error npm  v3.10.7
21 error code ELIFECYCLE
22 error vgaze@1.0.0 start: `webpack-dev-server --watch-poll`
22 error Exit status 1
23 error Failed at the vgaze@1.0.0 start script 'webpack-dev-server --watch-poll'.
23 error Make sure you have the latest version of node.js and npm installed.
23 error If you do, this is most likely a problem with the vgaze package,
23 error not with npm itself.
23 error Tell the author that this fails on your system:
23 error     webpack-dev-server --watch-poll
23 error You can get information on how to open an issue for this project with:
23 error     npm bugs vgaze
23 error Or if that isn't available, you can get their info via:
23 error     npm owner ls vgaze
23 error There is likely additional logging output above.
24 verbose exit [ 1, true ]
